2021-06-13 11:29:51.040  INFO 1788 --- [restartedMain] c.a.semilla.reserva.ReservaApplication   : Starting ReservaApplication using Java 15.0.2 on DESKTOP-H7PLNT1 with PID 1788 (D:\Jorge_Andres\ASW\PLAN_SEMILLA\Back\reserva\reserva\target\classes started by Georgie in D:\Jorge_Andres\ASW\PLAN_SEMILLA\Back\reserva\reserva)
2021-06-13 11:29:51.040  INFO 1788 --- [restartedMain] c.a.semilla.reserva.ReservaApplication   : No active profile set, falling back to default profiles: default
2021-06-13 11:29:51.150  INFO 1788 --- [restartedMain] .s.d.r.c.RepositoryConfigurationDelegate : Bootstrapping Spring Data JPA repositories in DEFAULT mode.
2021-06-13 11:29:51.170  INFO 1788 --- [restartedMain] .s.d.r.c.RepositoryConfigurationDelegate : Finished Spring Data repository scanning in 19 ms. Found 3 JPA repository interfaces.
2021-06-13 11:29:51.218  INFO 1788 --- [restartedMain] o.s.b.w.embedded.tomcat.TomcatWebServer  : Tomcat initialized with port(s): 9007 (http)
2021-06-13 11:29:51.218  INFO 1788 --- [restartedMain] o.apache.catalina.core.StandardService   : Starting service [Tomcat]
2021-06-13 11:29:51.218  INFO 1788 --- [restartedMain] org.apache.catalina.core.StandardEngine  : Starting Servlet engine: [Apache Tomcat/9.0.46]
2021-06-13 11:29:51.230  INFO 1788 --- [restartedMain] o.a.c.c.C.[Tomcat-1].[localhost].[/]     : Initializing Spring embedded WebApplicationContext
2021-06-13 11:29:51.231  INFO 1788 --- [restartedMain] w.s.c.ServletWebServerApplicationContext : Root WebApplicationContext: initialization completed in 189 ms
2021-06-13 11:29:51.248  INFO 1788 --- [restartedMain] com.zaxxer.hikari.HikariDataSource       : HikariPool-10 - Starting...
2021-06-13 11:29:51.251  INFO 1788 --- [restartedMain] com.zaxxer.hikari.HikariDataSource       : HikariPool-10 - Start completed.
2021-06-13 11:29:51.259  INFO 1788 --- [restartedMain] o.hibernate.jpa.internal.util.LogHelper  : HHH000204: Processing PersistenceUnitInfo [name: default]
2021-06-13 11:29:51.262  INFO 1788 --- [restartedMain] org.hibernate.dialect.Dialect            : HHH000400: Using dialect: org.hibernate.dialect.MySQL55Dialect
2021-06-13 11:29:51.281  INFO 1788 --- [restartedMain] o.h.e.t.j.p.i.JtaPlatformInitiator       : HHH000490: Using JtaPlatform implementation: [org.hibernate.engine.transaction.jta.platform.internal.NoJtaPlatform]
2021-06-13 11:29:51.281  INFO 1788 --- [restartedMain] j.LocalContainerEntityManagerFactoryBean : Initialized JPA EntityManagerFactory for persistence unit 'default'
2021-06-13 11:29:51.346  WARN 1788 --- [restartedMain] JpaBaseConfiguration$JpaWebConfiguration : spring.jpa.open-in-view is enabled by default. Therefore, database queries may be performed during view rendering. Explicitly configure spring.jpa.open-in-view to disable this warning
2021-06-13 11:29:51.392  INFO 1788 --- [restartedMain] o.s.b.d.a.OptionalLiveReloadServer       : LiveReload server is running on port 35729
2021-06-13 11:29:51.398  INFO 1788 --- [restartedMain] o.s.b.w.embedded.tomcat.TomcatWebServer  : Tomcat started on port(s): 9007 (http) with context path ''
2021-06-13 11:29:51.400  INFO 1788 --- [restartedMain] c.a.semilla.reserva.ReservaApplication   : Started ReservaApplication in 0.397 seconds (JVM running for 2102.555)
2021-06-13 11:29:51.400  INFO 1788 --- [restartedMain] o.s.b.a.ApplicationAvailabilityBean      : Application availability state LivenessState changed to CORRECT
2021-06-13 11:29:51.401  INFO 1788 --- [restartedMain] .ConditionEvaluationDeltaLoggingListener : Condition evaluation unchanged
2021-06-13 11:29:51.401  INFO 1788 --- [restartedMain] o.s.b.a.ApplicationAvailabilityBean      : Application availability state ReadinessState changed to ACCEPTING_TRAFFIC
2021-06-13 11:31:01.736  INFO 1788 --- [RMI TCP Connection(74)-127.0.0.1] inMXBeanRegistrar$SpringApplicationAdmin : Application shutdown requested.
2021-06-13 11:31:01.736  INFO 1788 --- [RMI TCP Connection(74)-127.0.0.1] o.s.b.a.ApplicationAvailabilityBean      : Application availability state ReadinessState changed from ACCEPTING_TRAFFIC to REFUSING_TRAFFIC
2021-06-13 13:05:48.311  INFO 9512 --- [restartedMain] c.a.semilla.reserva.ReservaApplication   : Starting ReservaApplication using Java 15.0.2 on DESKTOP-H7PLNT1 with PID 9512 (D:\Jorge_Andres\ASW\PLAN_SEMILLA\Back\reserva\reserva\target\classes started by Georgie in D:\Jorge_Andres\ASW\PLAN_SEMILLA\Back\reserva\reserva)
2021-06-13 13:05:48.313  INFO 9512 --- [restartedMain] c.a.semilla.reserva.ReservaApplication   : No active profile set, falling back to default profiles: default
2021-06-13 13:05:48.342  INFO 9512 --- [restartedMain] .e.DevToolsPropertyDefaultsPostProcessor : Devtools property defaults active! Set 'spring.devtools.add-properties' to 'false' to disable
2021-06-13 13:05:48.342  INFO 9512 --- [restartedMain] .e.DevToolsPropertyDefaultsPostProcessor : For additional web related logging consider setting the 'logging.level.web' property to 'DEBUG'
2021-06-13 13:05:48.752  INFO 9512 --- [restartedMain] .s.d.r.c.RepositoryConfigurationDelegate : Bootstrapping Spring Data JPA repositories in DEFAULT mode.
2021-06-13 13:05:48.806  INFO 9512 --- [restartedMain] .s.d.r.c.RepositoryConfigurationDelegate : Finished Spring Data repository scanning in 47 ms. Found 3 JPA repository interfaces.
2021-06-13 13:05:49.192  INFO 9512 --- [restartedMain] o.s.b.w.embedded.tomcat.TomcatWebServer  : Tomcat initialized with port(s): 9007 (http)
2021-06-13 13:05:49.199  INFO 9512 --- [restartedMain] o.apache.catalina.core.StandardService   : Starting service [Tomcat]
2021-06-13 13:05:49.199  INFO 9512 --- [restartedMain] org.apache.catalina.core.StandardEngine  : Starting Servlet engine: [Apache Tomcat/9.0.46]
2021-06-13 13:05:49.255  INFO 9512 --- [restartedMain] o.a.c.c.C.[Tomcat].[localhost].[/]       : Initializing Spring embedded WebApplicationContext
2021-06-13 13:05:49.255  INFO 9512 --- [restartedMain] w.s.c.ServletWebServerApplicationContext : Root WebApplicationContext: initialization completed in 913 ms
2021-06-13 13:05:49.348  INFO 9512 --- [restartedMain] com.zaxxer.hikari.HikariDataSource       : HikariPool-1 - Starting...
2021-06-13 13:05:49.449  INFO 9512 --- [restartedMain] com.zaxxer.hikari.HikariDataSource       : HikariPool-1 - Start completed.
2021-06-13 13:05:49.486  INFO 9512 --- [restartedMain] o.hibernate.jpa.internal.util.LogHelper  : HHH000204: Processing PersistenceUnitInfo [name: default]
2021-06-13 13:05:49.519  INFO 9512 --- [restartedMain] org.hibernate.Version                    : HHH000412: Hibernate ORM core version 5.4.31.Final
2021-06-13 13:05:49.614  INFO 9512 --- [restartedMain] o.hibernate.annotations.common.Version   : HCANN000001: Hibernate Commons Annotations {5.1.2.Final}
2021-06-13 13:05:49.702  INFO 9512 --- [restartedMain] org.hibernate.dialect.Dialect            : HHH000400: Using dialect: org.hibernate.dialect.MySQL55Dialect
2021-06-13 13:05:50.099  INFO 9512 --- [restartedMain] o.h.e.t.j.p.i.JtaPlatformInitiator       : HHH000490: Using JtaPlatform implementation: [org.hibernate.engine.transaction.jta.platform.internal.NoJtaPlatform]
2021-06-13 13:05:50.105  INFO 9512 --- [restartedMain] j.LocalContainerEntityManagerFactoryBean : Initialized JPA EntityManagerFactory for persistence unit 'default'
2021-06-13 13:05:50.405  WARN 9512 --- [restartedMain] JpaBaseConfiguration$JpaWebConfiguration : spring.jpa.open-in-view is enabled by default. Therefore, database queries may be performed during view rendering. Explicitly configure spring.jpa.open-in-view to disable this warning
2021-06-13 13:05:50.615  INFO 9512 --- [restartedMain] o.s.b.d.a.OptionalLiveReloadServer       : LiveReload server is running on port 35729
2021-06-13 13:05:50.642  INFO 9512 --- [restartedMain] o.s.b.w.embedded.tomcat.TomcatWebServer  : Tomcat started on port(s): 9007 (http) with context path ''
2021-06-13 13:05:50.648  INFO 9512 --- [restartedMain] c.a.semilla.reserva.ReservaApplication   : Started ReservaApplication in 2.604 seconds (JVM running for 3.141)
2021-06-13 13:05:50.649  INFO 9512 --- [restartedMain] o.s.b.a.ApplicationAvailabilityBean      : Application availability state LivenessState changed to CORRECT
2021-06-13 13:05:50.650  INFO 9512 --- [restartedMain] o.s.b.a.ApplicationAvailabilityBean      : Application availability state ReadinessState changed to ACCEPTING_TRAFFIC
2021-06-13 13:05:54.463  INFO 9512 --- [http-nio-9007-exec-2] o.a.c.c.C.[Tomcat].[localhost].[/]       : Initializing Spring DispatcherServlet 'dispatcherServlet'
2021-06-13 13:05:54.463  INFO 9512 --- [http-nio-9007-exec-2] o.s.web.servlet.DispatcherServlet        : Initializing Servlet 'dispatcherServlet'
2021-06-13 13:05:54.464  INFO 9512 --- [http-nio-9007-exec-2] o.s.web.servlet.DispatcherServlet        : Completed initialization in 1 ms
2021-06-13 13:05:54.478  INFO 9512 --- [http-nio-9007-exec-2] c.a.s.r.controller.ComercioController    : Ingreso al método getAll 
2021-06-13 13:05:54.479  INFO 9512 --- [http-nio-9007-exec-2] c.a.s.reserva.service.ComercioService    : Ingresó al método getAll
2021-06-13 13:06:47.749  INFO 9512 --- [http-nio-9007-exec-3] c.a.s.r.controller.ComercioController    : Ingreso al método eliminarComercio 
2021-06-13 13:06:47.750  INFO 9512 --- [http-nio-9007-exec-3] c.a.s.r.controller.ComercioController    : Comercio a eliminar 25 
2021-06-13 13:06:47.750  INFO 9512 --- [http-nio-9007-exec-3] c.a.s.reserva.service.ComercioService    : Ingresó al método deleteComercio
2021-06-13 13:06:47.750  INFO 9512 --- [http-nio-9007-exec-3] c.a.s.reserva.service.ComercioService    : El comercio {} se eliminó 
2021-06-13 13:06:47.762  INFO 9512 --- [http-nio-9007-exec-3] c.a.s.reserva.service.ComercioService    : Error {} No class com.asesoftware.semilla.reserva.entity.ComercioEntity entity with id 25 exists!
2021-06-13 13:08:18.276  INFO 9512 --- [Thread-6] o.s.b.a.ApplicationAvailabilityBean      : Application availability state ReadinessState changed from ACCEPTING_TRAFFIC to REFUSING_TRAFFIC
2021-06-13 13:08:18.320  INFO 9512 --- [Thread-6] j.LocalContainerEntityManagerFactoryBean : Closing JPA EntityManagerFactory for persistence unit 'default'
2021-06-13 13:08:18.324  INFO 9512 --- [Thread-6] com.zaxxer.hikari.HikariDataSource       : HikariPool-1 - Shutdown initiated...
2021-06-13 13:08:18.336  INFO 9512 --- [Thread-6] com.zaxxer.hikari.HikariDataSource       : HikariPool-1 - Shutdown completed.
2021-06-13 13:08:18.401  INFO 9512 --- [restartedMain] c.a.semilla.reserva.ReservaApplication   : Starting ReservaApplication using Java 15.0.2 on DESKTOP-H7PLNT1 with PID 9512 (D:\Jorge_Andres\ASW\PLAN_SEMILLA\Back\reserva\reserva\target\classes started by Georgie in D:\Jorge_Andres\ASW\PLAN_SEMILLA\Back\reserva\reserva)
2021-06-13 13:08:18.402  INFO 9512 --- [restartedMain] c.a.semilla.reserva.ReservaApplication   : No active profile set, falling back to default profiles: default
2021-06-13 13:08:18.528  INFO 9512 --- [restartedMain] .s.d.r.c.RepositoryConfigurationDelegate : Bootstrapping Spring Data JPA repositories in DEFAULT mode.
2021-06-13 13:08:18.551  INFO 9512 --- [restartedMain] .s.d.r.c.RepositoryConfigurationDelegate : Finished Spring Data repository scanning in 23 ms. Found 3 JPA repository interfaces.
2021-06-13 13:08:18.611  INFO 9512 --- [restartedMain] o.s.b.w.embedded.tomcat.TomcatWebServer  : Tomcat initialized with port(s): 9007 (http)
2021-06-13 13:08:18.611  INFO 9512 --- [restartedMain] o.apache.catalina.core.StandardService   : Starting service [Tomcat]
2021-06-13 13:08:18.612  INFO 9512 --- [restartedMain] org.apache.catalina.core.StandardEngine  : Starting Servlet engine: [Apache Tomcat/9.0.46]
2021-06-13 13:08:18.626  INFO 9512 --- [restartedMain] o.a.c.c.C.[Tomcat].[localhost].[/]       : Initializing Spring embedded WebApplicationContext
2021-06-13 13:08:18.626  INFO 9512 --- [restartedMain] w.s.c.ServletWebServerApplicationContext : Root WebApplicationContext: initialization completed in 223 ms
2021-06-13 13:08:18.647  INFO 9512 --- [restartedMain] com.zaxxer.hikari.HikariDataSource       : HikariPool-2 - Starting...
2021-06-13 13:08:18.649  INFO 9512 --- [restartedMain] com.zaxxer.hikari.HikariDataSource       : HikariPool-2 - Start completed.
2021-06-13 13:08:18.658  INFO 9512 --- [restartedMain] o.hibernate.jpa.internal.util.LogHelper  : HHH000204: Processing PersistenceUnitInfo [name: default]
2021-06-13 13:08:18.661  INFO 9512 --- [restartedMain] org.hibernate.dialect.Dialect            : HHH000400: Using dialect: org.hibernate.dialect.MySQL55Dialect
2021-06-13 13:08:18.691  INFO 9512 --- [restartedMain] o.h.e.t.j.p.i.JtaPlatformInitiator       : HHH000490: Using JtaPlatform implementation: [org.hibernate.engine.transaction.jta.platform.internal.NoJtaPlatform]
2021-06-13 13:08:18.691  INFO 9512 --- [restartedMain] j.LocalContainerEntityManagerFactoryBean : Initialized JPA EntityManagerFactory for persistence unit 'default'
2021-06-13 13:08:18.766  WARN 9512 --- [restartedMain] JpaBaseConfiguration$JpaWebConfiguration : spring.jpa.open-in-view is enabled by default. Therefore, database queries may be performed during view rendering. Explicitly configure spring.jpa.open-in-view to disable this warning
2021-06-13 13:08:18.822  INFO 9512 --- [restartedMain] o.s.b.d.a.OptionalLiveReloadServer       : LiveReload server is running on port 35729
2021-06-13 13:08:18.830  INFO 9512 --- [restartedMain] o.s.b.w.embedded.tomcat.TomcatWebServer  : Tomcat started on port(s): 9007 (http) with context path ''
2021-06-13 13:08:18.834  INFO 9512 --- [restartedMain] c.a.semilla.reserva.ReservaApplication   : Started ReservaApplication in 0.46 seconds (JVM running for 151.326)
2021-06-13 13:08:18.834  INFO 9512 --- [restartedMain] o.s.b.a.ApplicationAvailabilityBean      : Application availability state LivenessState changed to CORRECT
2021-06-13 13:08:18.836  INFO 9512 --- [restartedMain] .ConditionEvaluationDeltaLoggingListener : Condition evaluation unchanged
2021-06-13 13:08:18.836  INFO 9512 --- [restartedMain] o.s.b.a.ApplicationAvailabilityBean      : Application availability state ReadinessState changed to ACCEPTING_TRAFFIC
2021-06-13 13:08:56.120  INFO 9512 --- [Thread-9] o.s.b.a.ApplicationAvailabilityBean      : Application availability state ReadinessState changed from ACCEPTING_TRAFFIC to REFUSING_TRAFFIC
2021-06-13 13:08:56.138  INFO 9512 --- [Thread-9] j.LocalContainerEntityManagerFactoryBean : Closing JPA EntityManagerFactory for persistence unit 'default'
2021-06-13 13:08:56.138  INFO 9512 --- [Thread-9] com.zaxxer.hikari.HikariDataSource       : HikariPool-2 - Shutdown initiated...
2021-06-13 13:08:56.139  INFO 9512 --- [Thread-9] com.zaxxer.hikari.HikariDataSource       : HikariPool-2 - Shutdown completed.
2021-06-13 13:08:56.193  INFO 9512 --- [restartedMain] c.a.semilla.reserva.ReservaApplication   : Starting ReservaApplication using Java 15.0.2 on DESKTOP-H7PLNT1 with PID 9512 (D:\Jorge_Andres\ASW\PLAN_SEMILLA\Back\reserva\reserva\target\classes started by Georgie in D:\Jorge_Andres\ASW\PLAN_SEMILLA\Back\reserva\reserva)
2021-06-13 13:08:56.193  INFO 9512 --- [restartedMain] c.a.semilla.reserva.ReservaApplication   : No active profile set, falling back to default profiles: default
2021-06-13 13:08:56.311  INFO 9512 --- [restartedMain] .s.d.r.c.RepositoryConfigurationDelegate : Bootstrapping Spring Data JPA repositories in DEFAULT mode.
2021-06-13 13:08:56.332  INFO 9512 --- [restartedMain] .s.d.r.c.RepositoryConfigurationDelegate : Finished Spring Data repository scanning in 20 ms. Found 3 JPA repository interfaces.
2021-06-13 13:08:56.383  INFO 9512 --- [restartedMain] o.s.b.w.embedded.tomcat.TomcatWebServer  : Tomcat initialized with port(s): 9007 (http)
2021-06-13 13:08:56.383  INFO 9512 --- [restartedMain] o.apache.catalina.core.StandardService   : Starting service [Tomcat]
2021-06-13 13:08:56.383  INFO 9512 --- [restartedMain] org.apache.catalina.core.StandardEngine  : Starting Servlet engine: [Apache Tomcat/9.0.46]
2021-06-13 13:08:56.396  INFO 9512 --- [restartedMain] o.a.c.c.C.[Tomcat].[localhost].[/]       : Initializing Spring embedded WebApplicationContext
2021-06-13 13:08:56.396  INFO 9512 --- [restartedMain] w.s.c.ServletWebServerApplicationContext : Root WebApplicationContext: initialization completed in 201 ms
2021-06-13 13:08:56.413  INFO 9512 --- [restartedMain] com.zaxxer.hikari.HikariDataSource       : HikariPool-3 - Starting...
2021-06-13 13:08:56.415  INFO 9512 --- [restartedMain] com.zaxxer.hikari.HikariDataSource       : HikariPool-3 - Start completed.
2021-06-13 13:08:56.423  INFO 9512 --- [restartedMain] o.hibernate.jpa.internal.util.LogHelper  : HHH000204: Processing PersistenceUnitInfo [name: default]
2021-06-13 13:08:56.426  INFO 9512 --- [restartedMain] org.hibernate.dialect.Dialect            : HHH000400: Using dialect: org.hibernate.dialect.MySQL55Dialect
2021-06-13 13:08:56.452  INFO 9512 --- [restartedMain] o.h.e.t.j.p.i.JtaPlatformInitiator       : HHH000490: Using JtaPlatform implementation: [org.hibernate.engine.transaction.jta.platform.internal.NoJtaPlatform]
2021-06-13 13:08:56.453  INFO 9512 --- [restartedMain] j.LocalContainerEntityManagerFactoryBean : Initialized JPA EntityManagerFactory for persistence unit 'default'
2021-06-13 13:08:56.521  WARN 9512 --- [restartedMain] JpaBaseConfiguration$JpaWebConfiguration : spring.jpa.open-in-view is enabled by default. Therefore, database queries may be performed during view rendering. Explicitly configure spring.jpa.open-in-view to disable this warning
2021-06-13 13:08:56.570  INFO 9512 --- [restartedMain] o.s.b.d.a.OptionalLiveReloadServer       : LiveReload server is running on port 35729
2021-06-13 13:08:56.577  INFO 9512 --- [restartedMain] o.s.b.w.embedded.tomcat.TomcatWebServer  : Tomcat started on port(s): 9007 (http) with context path ''
2021-06-13 13:08:56.580  INFO 9512 --- [restartedMain] c.a.semilla.reserva.ReservaApplication   : Started ReservaApplication in 0.412 seconds (JVM running for 189.072)
2021-06-13 13:08:56.581  INFO 9512 --- [restartedMain] o.s.b.a.ApplicationAvailabilityBean      : Application availability state LivenessState changed to CORRECT
2021-06-13 13:08:56.581  INFO 9512 --- [restartedMain] .ConditionEvaluationDeltaLoggingListener : Condition evaluation unchanged
2021-06-13 13:08:56.582  INFO 9512 --- [restartedMain] o.s.b.a.ApplicationAvailabilityBean      : Application availability state ReadinessState changed to ACCEPTING_TRAFFIC
2021-06-13 13:10:23.428  INFO 9512 --- [Thread-14] o.s.b.a.ApplicationAvailabilityBean      : Application availability state ReadinessState changed from ACCEPTING_TRAFFIC to REFUSING_TRAFFIC
2021-06-13 13:10:23.474  INFO 9512 --- [Thread-14] j.LocalContainerEntityManagerFactoryBean : Closing JPA EntityManagerFactory for persistence unit 'default'
2021-06-13 13:10:23.475  INFO 9512 --- [Thread-14] com.zaxxer.hikari.HikariDataSource       : HikariPool-3 - Shutdown initiated...
2021-06-13 13:10:23.477  INFO 9512 --- [Thread-14] com.zaxxer.hikari.HikariDataSource       : HikariPool-3 - Shutdown completed.
2021-06-13 13:10:23.546  INFO 9512 --- [restartedMain] c.a.semilla.reserva.ReservaApplication   : Starting ReservaApplication using Java 15.0.2 on DESKTOP-H7PLNT1 with PID 9512 (D:\Jorge_Andres\ASW\PLAN_SEMILLA\Back\reserva\reserva\target\classes started by Georgie in D:\Jorge_Andres\ASW\PLAN_SEMILLA\Back\reserva\reserva)
2021-06-13 13:10:23.546  INFO 9512 --- [restartedMain] c.a.semilla.reserva.ReservaApplication   : No active profile set, falling back to default profiles: default
2021-06-13 13:10:23.658  INFO 9512 --- [restartedMain] .s.d.r.c.RepositoryConfigurationDelegate : Bootstrapping Spring Data JPA repositories in DEFAULT mode.
2021-06-13 13:10:23.678  INFO 9512 --- [restartedMain] .s.d.r.c.RepositoryConfigurationDelegate : Finished Spring Data repository scanning in 19 ms. Found 3 JPA repository interfaces.
2021-06-13 13:10:23.733  INFO 9512 --- [restartedMain] o.s.b.w.embedded.tomcat.TomcatWebServer  : Tomcat initialized with port(s): 9007 (http)
2021-06-13 13:10:23.733  INFO 9512 --- [restartedMain] o.apache.catalina.core.StandardService   : Starting service [Tomcat]
2021-06-13 13:10:23.733  INFO 9512 --- [restartedMain] org.apache.catalina.core.StandardEngine  : Starting Servlet engine: [Apache Tomcat/9.0.46]
2021-06-13 13:10:23.745  INFO 9512 --- [restartedMain] o.a.c.c.C.[Tomcat].[localhost].[/]       : Initializing Spring embedded WebApplicationContext
2021-06-13 13:10:23.746  INFO 9512 --- [restartedMain] w.s.c.ServletWebServerApplicationContext : Root WebApplicationContext: initialization completed in 198 ms
2021-06-13 13:10:23.762  INFO 9512 --- [restartedMain] com.zaxxer.hikari.HikariDataSource       : HikariPool-4 - Starting...
2021-06-13 13:10:23.764  INFO 9512 --- [restartedMain] com.zaxxer.hikari.HikariDataSource       : HikariPool-4 - Start completed.
2021-06-13 13:10:23.772  INFO 9512 --- [restartedMain] o.hibernate.jpa.internal.util.LogHelper  : HHH000204: Processing PersistenceUnitInfo [name: default]
2021-06-13 13:10:23.775  INFO 9512 --- [restartedMain] org.hibernate.dialect.Dialect            : HHH000400: Using dialect: org.hibernate.dialect.MySQL55Dialect
2021-06-13 13:10:23.799  INFO 9512 --- [restartedMain] o.h.e.t.j.p.i.JtaPlatformInitiator       : HHH000490: Using JtaPlatform implementation: [org.hibernate.engine.transaction.jta.platform.internal.NoJtaPlatform]
2021-06-13 13:10:23.799  INFO 9512 --- [restartedMain] j.LocalContainerEntityManagerFactoryBean : Initialized JPA EntityManagerFactory for persistence unit 'default'
2021-06-13 13:10:23.868  WARN 9512 --- [restartedMain] JpaBaseConfiguration$JpaWebConfiguration : spring.jpa.open-in-view is enabled by default. Therefore, database queries may be performed during view rendering. Explicitly configure spring.jpa.open-in-view to disable this warning
2021-06-13 13:10:23.914  INFO 9512 --- [restartedMain] o.s.b.d.a.OptionalLiveReloadServer       : LiveReload server is running on port 35729
2021-06-13 13:10:23.920  INFO 9512 --- [restartedMain] o.s.b.w.embedded.tomcat.TomcatWebServer  : Tomcat started on port(s): 9007 (http) with context path ''
2021-06-13 13:10:23.923  INFO 9512 --- [restartedMain] c.a.semilla.reserva.ReservaApplication   : Started ReservaApplication in 0.4 seconds (JVM running for 276.415)
2021-06-13 13:10:23.923  INFO 9512 --- [restartedMain] o.s.b.a.ApplicationAvailabilityBean      : Application availability state LivenessState changed to CORRECT
2021-06-13 13:10:23.924  INFO 9512 --- [restartedMain] .ConditionEvaluationDeltaLoggingListener : Condition evaluation unchanged
2021-06-13 13:10:23.924  INFO 9512 --- [restartedMain] o.s.b.a.ApplicationAvailabilityBean      : Application availability state ReadinessState changed to ACCEPTING_TRAFFIC
2021-06-13 13:13:18.489  INFO 9512 --- [Thread-19] o.s.b.a.ApplicationAvailabilityBean      : Application availability state ReadinessState changed from ACCEPTING_TRAFFIC to REFUSING_TRAFFIC
2021-06-13 13:13:18.525  INFO 9512 --- [Thread-19] j.LocalContainerEntityManagerFactoryBean : Closing JPA EntityManagerFactory for persistence unit 'default'
2021-06-13 13:13:18.526  INFO 9512 --- [Thread-19] com.zaxxer.hikari.HikariDataSource       : HikariPool-4 - Shutdown initiated...
2021-06-13 13:13:18.527  INFO 9512 --- [Thread-19] com.zaxxer.hikari.HikariDataSource       : HikariPool-4 - Shutdown completed.
2021-06-13 13:13:18.583  INFO 9512 --- [restartedMain] c.a.semilla.reserva.ReservaApplication   : Starting ReservaApplication using Java 15.0.2 on DESKTOP-H7PLNT1 with PID 9512 (D:\Jorge_Andres\ASW\PLAN_SEMILLA\Back\reserva\reserva\target\classes started by Georgie in D:\Jorge_Andres\ASW\PLAN_SEMILLA\Back\reserva\reserva)
2021-06-13 13:13:18.583  INFO 9512 --- [restartedMain] c.a.semilla.reserva.ReservaApplication   : No active profile set, falling back to default profiles: default
2021-06-13 13:13:18.702  INFO 9512 --- [restartedMain] .s.d.r.c.RepositoryConfigurationDelegate : Bootstrapping Spring Data JPA repositories in DEFAULT mode.
2021-06-13 13:13:18.722  INFO 9512 --- [restartedMain] .s.d.r.c.RepositoryConfigurationDelegate : Finished Spring Data repository scanning in 20 ms. Found 3 JPA repository interfaces.
2021-06-13 13:13:18.773  INFO 9512 --- [restartedMain] o.s.b.w.embedded.tomcat.TomcatWebServer  : Tomcat initialized with port(s): 9007 (http)
2021-06-13 13:13:18.773  INFO 9512 --- [restartedMain] o.apache.catalina.core.StandardService   : Starting service [Tomcat]
2021-06-13 13:13:18.773  INFO 9512 --- [restartedMain] org.apache.catalina.core.StandardEngine  : Starting Servlet engine: [Apache Tomcat/9.0.46]
2021-06-13 13:13:18.786  INFO 9512 --- [restartedMain] o.a.c.c.C.[Tomcat].[localhost].[/]       : Initializing Spring embedded WebApplicationContext
2021-06-13 13:13:18.786  INFO 9512 --- [restartedMain] w.s.c.ServletWebServerApplicationContext : Root WebApplicationContext: initialization completed in 202 ms
2021-06-13 13:13:18.803  INFO 9512 --- [restartedMain] com.zaxxer.hikari.HikariDataSource       : HikariPool-5 - Starting...
2021-06-13 13:13:18.805  INFO 9512 --- [restartedMain] com.zaxxer.hikari.HikariDataSource       : HikariPool-5 - Start completed.
2021-06-13 13:13:18.813  INFO 9512 --- [restartedMain] o.hibernate.jpa.internal.util.LogHelper  : HHH000204: Processing PersistenceUnitInfo [name: default]
2021-06-13 13:13:18.817  INFO 9512 --- [restartedMain] org.hibernate.dialect.Dialect            : HHH000400: Using dialect: org.hibernate.dialect.MySQL55Dialect
2021-06-13 13:13:18.840  INFO 9512 --- [restartedMain] o.h.e.t.j.p.i.JtaPlatformInitiator       : HHH000490: Using JtaPlatform implementation: [org.hibernate.engine.transaction.jta.platform.internal.NoJtaPlatform]
2021-06-13 13:13:18.840  INFO 9512 --- [restartedMain] j.LocalContainerEntityManagerFactoryBean : Initialized JPA EntityManagerFactory for persistence unit 'default'
2021-06-13 13:13:18.907  WARN 9512 --- [restartedMain] JpaBaseConfiguration$JpaWebConfiguration : spring.jpa.open-in-view is enabled by default. Therefore, database queries may be performed during view rendering. Explicitly configure spring.jpa.open-in-view to disable this warning
2021-06-13 13:13:18.955  INFO 9512 --- [restartedMain] o.s.b.d.a.OptionalLiveReloadServer       : LiveReload server is running on port 35729
2021-06-13 13:13:18.961  INFO 9512 --- [restartedMain] o.s.b.w.embedded.tomcat.TomcatWebServer  : Tomcat started on port(s): 9007 (http) with context path ''
2021-06-13 13:13:18.963  INFO 9512 --- [restartedMain] c.a.semilla.reserva.ReservaApplication   : Started ReservaApplication in 0.405 seconds (JVM running for 451.456)
2021-06-13 13:13:18.964  INFO 9512 --- [restartedMain] o.s.b.a.ApplicationAvailabilityBean      : Application availability state LivenessState changed to CORRECT
2021-06-13 13:13:18.964  INFO 9512 --- [restartedMain] .ConditionEvaluationDeltaLoggingListener : Condition evaluation unchanged
2021-06-13 13:13:18.965  INFO 9512 --- [restartedMain] o.s.b.a.ApplicationAvailabilityBean      : Application availability state ReadinessState changed to ACCEPTING_TRAFFIC
2021-06-13 13:13:39.632  INFO 9512 --- [Thread-24] o.s.b.a.ApplicationAvailabilityBean      : Application availability state ReadinessState changed from ACCEPTING_TRAFFIC to REFUSING_TRAFFIC
2021-06-13 13:13:39.672  INFO 9512 --- [Thread-24] j.LocalContainerEntityManagerFactoryBean : Closing JPA EntityManagerFactory for persistence unit 'default'
2021-06-13 13:13:39.673  INFO 9512 --- [Thread-24] com.zaxxer.hikari.HikariDataSource       : HikariPool-5 - Shutdown initiated...
2021-06-13 13:13:39.675  INFO 9512 --- [Thread-24] com.zaxxer.hikari.HikariDataSource       : HikariPool-5 - Shutdown completed.
2021-06-13 13:13:39.750  INFO 9512 --- [restartedMain] c.a.semilla.reserva.ReservaApplication   : Starting ReservaApplication using Java 15.0.2 on DESKTOP-H7PLNT1 with PID 9512 (D:\Jorge_Andres\ASW\PLAN_SEMILLA\Back\reserva\reserva\target\classes started by Georgie in D:\Jorge_Andres\ASW\PLAN_SEMILLA\Back\reserva\reserva)
2021-06-13 13:13:39.750  INFO 9512 --- [restartedMain] c.a.semilla.reserva.ReservaApplication   : No active profile set, falling back to default profiles: default
2021-06-13 13:13:39.866  INFO 9512 --- [restartedMain] .s.d.r.c.RepositoryConfigurationDelegate : Bootstrapping Spring Data JPA repositories in DEFAULT mode.
2021-06-13 13:13:39.886  INFO 9512 --- [restartedMain] .s.d.r.c.RepositoryConfigurationDelegate : Finished Spring Data repository scanning in 19 ms. Found 3 JPA repository interfaces.
2021-06-13 13:13:39.936  INFO 9512 --- [restartedMain] o.s.b.w.embedded.tomcat.TomcatWebServer  : Tomcat initialized with port(s): 9007 (http)
2021-06-13 13:13:39.936  INFO 9512 --- [restartedMain] o.apache.catalina.core.StandardService   : Starting service [Tomcat]
2021-06-13 13:13:39.936  INFO 9512 --- [restartedMain] org.apache.catalina.core.StandardEngine  : Starting Servlet engine: [Apache Tomcat/9.0.46]
2021-06-13 13:13:39.947  INFO 9512 --- [restartedMain] o.a.c.c.C.[Tomcat].[localhost].[/]       : Initializing Spring embedded WebApplicationContext
2021-06-13 13:13:39.947  INFO 9512 --- [restartedMain] w.s.c.ServletWebServerApplicationContext : Root WebApplicationContext: initialization completed in 195 ms
2021-06-13 13:13:39.964  INFO 9512 --- [restartedMain] com.zaxxer.hikari.HikariDataSource       : HikariPool-6 - Starting...
2021-06-13 13:13:39.967  INFO 9512 --- [restartedMain] com.zaxxer.hikari.HikariDataSource       : HikariPool-6 - Start completed.
2021-06-13 13:13:39.975  INFO 9512 --- [restartedMain] o.hibernate.jpa.internal.util.LogHelper  : HHH000204: Processing PersistenceUnitInfo [name: default]
2021-06-13 13:13:39.978  INFO 9512 --- [restartedMain] org.hibernate.dialect.Dialect            : HHH000400: Using dialect: org.hibernate.dialect.MySQL55Dialect
2021-06-13 13:13:40.001  INFO 9512 --- [restartedMain] o.h.e.t.j.p.i.JtaPlatformInitiator       : HHH000490: Using JtaPlatform implementation: [org.hibernate.engine.transaction.jta.platform.internal.NoJtaPlatform]
2021-06-13 13:13:40.001  INFO 9512 --- [restartedMain] j.LocalContainerEntityManagerFactoryBean : Initialized JPA EntityManagerFactory for persistence unit 'default'
2021-06-13 13:13:40.067  WARN 9512 --- [restartedMain] JpaBaseConfiguration$JpaWebConfiguration : spring.jpa.open-in-view is enabled by default. Therefore, database queries may be performed during view rendering. Explicitly configure spring.jpa.open-in-view to disable this warning
2021-06-13 13:13:40.111  INFO 9512 --- [restartedMain] o.s.b.d.a.OptionalLiveReloadServer       : LiveReload server is running on port 35729
2021-06-13 13:13:40.117  INFO 9512 --- [restartedMain] o.s.b.w.embedded.tomcat.TomcatWebServer  : Tomcat started on port(s): 9007 (http) with context path ''
2021-06-13 13:13:40.120  INFO 9512 --- [restartedMain] c.a.semilla.reserva.ReservaApplication   : Started ReservaApplication in 0.397 seconds (JVM running for 472.612)
2021-06-13 13:13:40.120  INFO 9512 --- [restartedMain] o.s.b.a.ApplicationAvailabilityBean      : Application availability state LivenessState changed to CORRECT
2021-06-13 13:13:40.121  INFO 9512 --- [restartedMain] .ConditionEvaluationDeltaLoggingListener : Condition evaluation unchanged
2021-06-13 13:13:40.121  INFO 9512 --- [restartedMain] o.s.b.a.ApplicationAvailabilityBean      : Application availability state ReadinessState changed to ACCEPTING_TRAFFIC
2021-06-13 13:13:51.061  INFO 9512 --- [http-nio-9007-exec-2] o.a.c.c.C.[Tomcat].[localhost].[/]       : Initializing Spring DispatcherServlet 'dispatcherServlet'
2021-06-13 13:13:51.062  INFO 9512 --- [http-nio-9007-exec-2] o.s.web.servlet.DispatcherServlet        : Initializing Servlet 'dispatcherServlet'
2021-06-13 13:13:51.062  INFO 9512 --- [http-nio-9007-exec-2] o.s.web.servlet.DispatcherServlet        : Completed initialization in 0 ms
2021-06-13 13:13:51.064  INFO 9512 --- [http-nio-9007-exec-2] c.a.s.r.controller.ComercioController    : Ingreso al método eliminarComercio 
2021-06-13 13:13:51.064  INFO 9512 --- [http-nio-9007-exec-2] c.a.s.r.controller.ComercioController    : Comercio a eliminar 25
2021-06-13 13:13:51.064  INFO 9512 --- [http-nio-9007-exec-2] c.a.s.reserva.service.ComercioService    : Ingresó al método deleteComercio
2021-06-13 13:13:51.065 ERROR 9512 --- [http-nio-9007-exec-2] c.a.s.reserva.service.ComercioService    : Error {} No class com.asesoftware.semilla.reserva.entity.ComercioEntity entity with id 25 exists!
2021-06-13 13:14:35.615  INFO 9512 --- [Thread-29] o.s.b.a.ApplicationAvailabilityBean      : Application availability state ReadinessState changed from ACCEPTING_TRAFFIC to REFUSING_TRAFFIC
2021-06-13 13:14:35.631  INFO 9512 --- [Thread-29] j.LocalContainerEntityManagerFactoryBean : Closing JPA EntityManagerFactory for persistence unit 'default'
2021-06-13 13:14:35.632  INFO 9512 --- [Thread-29] com.zaxxer.hikari.HikariDataSource       : HikariPool-6 - Shutdown initiated...
2021-06-13 13:14:35.633  INFO 9512 --- [Thread-29] com.zaxxer.hikari.HikariDataSource       : HikariPool-6 - Shutdown completed.
2021-06-13 13:14:35.689  INFO 9512 --- [restartedMain] c.a.semilla.reserva.ReservaApplication   : Starting ReservaApplication using Java 15.0.2 on DESKTOP-H7PLNT1 with PID 9512 (D:\Jorge_Andres\ASW\PLAN_SEMILLA\Back\reserva\reserva\target\classes started by Georgie in D:\Jorge_Andres\ASW\PLAN_SEMILLA\Back\reserva\reserva)
2021-06-13 13:14:35.689  INFO 9512 --- [restartedMain] c.a.semilla.reserva.ReservaApplication   : No active profile set, falling back to default profiles: default
2021-06-13 13:14:35.805  INFO 9512 --- [restartedMain] .s.d.r.c.RepositoryConfigurationDelegate : Bootstrapping Spring Data JPA repositories in DEFAULT mode.
2021-06-13 13:14:35.826  INFO 9512 --- [restartedMain] .s.d.r.c.RepositoryConfigurationDelegate : Finished Spring Data repository scanning in 20 ms. Found 3 JPA repository interfaces.
2021-06-13 13:14:35.876  INFO 9512 --- [restartedMain] o.s.b.w.embedded.tomcat.TomcatWebServer  : Tomcat initialized with port(s): 9007 (http)
2021-06-13 13:14:35.876  INFO 9512 --- [restartedMain] o.apache.catalina.core.StandardService   : Starting service [Tomcat]
2021-06-13 13:14:35.876  INFO 9512 --- [restartedMain] org.apache.catalina.core.StandardEngine  : Starting Servlet engine: [Apache Tomcat/9.0.46]
2021-06-13 13:14:35.889  INFO 9512 --- [restartedMain] o.a.c.c.C.[Tomcat].[localhost].[/]       : Initializing Spring embedded WebApplicationContext
2021-06-13 13:14:35.889  INFO 9512 --- [restartedMain] w.s.c.ServletWebServerApplicationContext : Root WebApplicationContext: initialization completed in 199 ms
2021-06-13 13:14:35.907  INFO 9512 --- [restartedMain] com.zaxxer.hikari.HikariDataSource       : HikariPool-7 - Starting...
2021-06-13 13:14:35.909  INFO 9512 --- [restartedMain] com.zaxxer.hikari.HikariDataSource       : HikariPool-7 - Start completed.
2021-06-13 13:14:35.917  INFO 9512 --- [restartedMain] o.hibernate.jpa.internal.util.LogHelper  : HHH000204: Processing PersistenceUnitInfo [name: default]
2021-06-13 13:14:35.921  INFO 9512 --- [restartedMain] org.hibernate.dialect.Dialect            : HHH000400: Using dialect: org.hibernate.dialect.MySQL55Dialect
2021-06-13 13:14:35.944  INFO 9512 --- [restartedMain] o.h.e.t.j.p.i.JtaPlatformInitiator       : HHH000490: Using JtaPlatform implementation: [org.hibernate.engine.transaction.jta.platform.internal.NoJtaPlatform]
2021-06-13 13:14:35.944  INFO 9512 --- [restartedMain] j.LocalContainerEntityManagerFactoryBean : Initialized JPA EntityManagerFactory for persistence unit 'default'
2021-06-13 13:14:36.014  WARN 9512 --- [restartedMain] JpaBaseConfiguration$JpaWebConfiguration : spring.jpa.open-in-view is enabled by default. Therefore, database queries may be performed during view rendering. Explicitly configure spring.jpa.open-in-view to disable this warning
2021-06-13 13:14:36.063  INFO 9512 --- [restartedMain] o.s.b.d.a.OptionalLiveReloadServer       : LiveReload server is running on port 35729
2021-06-13 13:14:36.069  INFO 9512 --- [restartedMain] o.s.b.w.embedded.tomcat.TomcatWebServer  : Tomcat started on port(s): 9007 (http) with context path ''
2021-06-13 13:14:36.072  INFO 9512 --- [restartedMain] c.a.semilla.reserva.ReservaApplication   : Started ReservaApplication in 0.408 seconds (JVM running for 528.564)
2021-06-13 13:14:36.072  INFO 9512 --- [restartedMain] o.s.b.a.ApplicationAvailabilityBean      : Application availability state LivenessState changed to CORRECT
2021-06-13 13:14:36.073  INFO 9512 --- [restartedMain] .ConditionEvaluationDeltaLoggingListener : Condition evaluation unchanged
2021-06-13 13:14:36.073  INFO 9512 --- [restartedMain] o.s.b.a.ApplicationAvailabilityBean      : Application availability state ReadinessState changed to ACCEPTING_TRAFFIC
2021-06-13 13:14:38.681  INFO 9512 --- [http-nio-9007-exec-2] o.a.c.c.C.[Tomcat].[localhost].[/]       : Initializing Spring DispatcherServlet 'dispatcherServlet'
2021-06-13 13:14:38.682  INFO 9512 --- [http-nio-9007-exec-2] o.s.web.servlet.DispatcherServlet        : Initializing Servlet 'dispatcherServlet'
2021-06-13 13:14:38.682  INFO 9512 --- [http-nio-9007-exec-2] o.s.web.servlet.DispatcherServlet        : Completed initialization in 0 ms
2021-06-13 13:14:38.683  INFO 9512 --- [http-nio-9007-exec-2] c.a.s.r.controller.ComercioController    : Ingreso al método eliminarComercio 
2021-06-13 13:14:38.683  INFO 9512 --- [http-nio-9007-exec-2] c.a.s.r.controller.ComercioController    : Comercio a eliminar 25
2021-06-13 13:14:38.683  INFO 9512 --- [http-nio-9007-exec-2] c.a.s.reserva.service.ComercioService    : Ingresó al método deleteComercio
2021-06-13 13:14:38.686 ERROR 9512 --- [http-nio-9007-exec-2] c.a.s.reserva.service.ComercioService    : Error No class com.asesoftware.semilla.reserva.entity.ComercioEntity entity with id 25 exists!
2021-06-13 13:15:44.351  INFO 9512 --- [Thread-34] o.s.b.a.ApplicationAvailabilityBean      : Application availability state ReadinessState changed from ACCEPTING_TRAFFIC to REFUSING_TRAFFIC
2021-06-13 13:15:44.408  INFO 9512 --- [Thread-34] j.LocalContainerEntityManagerFactoryBean : Closing JPA EntityManagerFactory for persistence unit 'default'
2021-06-13 13:15:44.409  INFO 9512 --- [Thread-34] com.zaxxer.hikari.HikariDataSource       : HikariPool-7 - Shutdown initiated...
2021-06-13 13:15:44.413  INFO 9512 --- [Thread-34] com.zaxxer.hikari.HikariDataSource       : HikariPool-7 - Shutdown completed.
2021-06-13 13:15:44.494  INFO 9512 --- [restartedMain] c.a.semilla.reserva.ReservaApplication   : Starting ReservaApplication using Java 15.0.2 on DESKTOP-H7PLNT1 with PID 9512 (D:\Jorge_Andres\ASW\PLAN_SEMILLA\Back\reserva\reserva\target\classes started by Georgie in D:\Jorge_Andres\ASW\PLAN_SEMILLA\Back\reserva\reserva)
2021-06-13 13:15:44.494  INFO 9512 --- [restartedMain] c.a.semilla.reserva.ReservaApplication   : No active profile set, falling back to default profiles: default
2021-06-13 13:15:44.604  INFO 9512 --- [restartedMain] .s.d.r.c.RepositoryConfigurationDelegate : Bootstrapping Spring Data JPA repositories in DEFAULT mode.
2021-06-13 13:15:44.624  INFO 9512 --- [restartedMain] .s.d.r.c.RepositoryConfigurationDelegate : Finished Spring Data repository scanning in 19 ms. Found 3 JPA repository interfaces.
2021-06-13 13:15:44.669  INFO 9512 --- [restartedMain] o.s.b.w.embedded.tomcat.TomcatWebServer  : Tomcat initialized with port(s): 9007 (http)
2021-06-13 13:15:44.669  INFO 9512 --- [restartedMain] o.apache.catalina.core.StandardService   : Starting service [Tomcat]
2021-06-13 13:15:44.669  INFO 9512 --- [restartedMain] org.apache.catalina.core.StandardEngine  : Starting Servlet engine: [Apache Tomcat/9.0.46]
2021-06-13 13:15:44.681  INFO 9512 --- [restartedMain] o.a.c.c.C.[Tomcat].[localhost].[/]       : Initializing Spring embedded WebApplicationContext
2021-06-13 13:15:44.681  INFO 9512 --- [restartedMain] w.s.c.ServletWebServerApplicationContext : Root WebApplicationContext: initialization completed in 185 ms
2021-06-13 13:15:44.697  INFO 9512 --- [restartedMain] com.zaxxer.hikari.HikariDataSource       : HikariPool-8 - Starting...
2021-06-13 13:15:44.699  INFO 9512 --- [restartedMain] com.zaxxer.hikari.HikariDataSource       : HikariPool-8 - Start completed.
2021-06-13 13:15:44.707  INFO 9512 --- [restartedMain] o.hibernate.jpa.internal.util.LogHelper  : HHH000204: Processing PersistenceUnitInfo [name: default]
2021-06-13 13:15:44.710  INFO 9512 --- [restartedMain] org.hibernate.dialect.Dialect            : HHH000400: Using dialect: org.hibernate.dialect.MySQL55Dialect
2021-06-13 13:15:44.731  INFO 9512 --- [restartedMain] o.h.e.t.j.p.i.JtaPlatformInitiator       : HHH000490: Using JtaPlatform implementation: [org.hibernate.engine.transaction.jta.platform.internal.NoJtaPlatform]
2021-06-13 13:15:44.731  INFO 9512 --- [restartedMain] j.LocalContainerEntityManagerFactoryBean : Initialized JPA EntityManagerFactory for persistence unit 'default'
2021-06-13 13:15:44.795  WARN 9512 --- [restartedMain] JpaBaseConfiguration$JpaWebConfiguration : spring.jpa.open-in-view is enabled by default. Therefore, database queries may be performed during view rendering. Explicitly configure spring.jpa.open-in-view to disable this warning
2021-06-13 13:15:44.841  INFO 9512 --- [restartedMain] o.s.b.d.a.OptionalLiveReloadServer       : LiveReload server is running on port 35729
2021-06-13 13:15:44.847  INFO 9512 --- [restartedMain] o.s.b.w.embedded.tomcat.TomcatWebServer  : Tomcat started on port(s): 9007 (http) with context path ''
2021-06-13 13:15:44.849  INFO 9512 --- [restartedMain] c.a.semilla.reserva.ReservaApplication   : Started ReservaApplication in 0.383 seconds (JVM running for 597.341)
2021-06-13 13:15:44.850  INFO 9512 --- [restartedMain] o.s.b.a.ApplicationAvailabilityBean      : Application availability state LivenessState changed to CORRECT
2021-06-13 13:15:44.850  INFO 9512 --- [restartedMain] .ConditionEvaluationDeltaLoggingListener : Condition evaluation unchanged
2021-06-13 13:15:44.851  INFO 9512 --- [restartedMain] o.s.b.a.ApplicationAvailabilityBean      : Application availability state ReadinessState changed to ACCEPTING_TRAFFIC
2021-06-13 13:16:19.499  INFO 9512 --- [Thread-39] o.s.b.a.ApplicationAvailabilityBean      : Application availability state ReadinessState changed from ACCEPTING_TRAFFIC to REFUSING_TRAFFIC
2021-06-13 13:16:19.533  INFO 9512 --- [Thread-39] j.LocalContainerEntityManagerFactoryBean : Closing JPA EntityManagerFactory for persistence unit 'default'
2021-06-13 13:16:19.534  INFO 9512 --- [Thread-39] com.zaxxer.hikari.HikariDataSource       : HikariPool-8 - Shutdown initiated...
2021-06-13 13:16:19.536  INFO 9512 --- [Thread-39] com.zaxxer.hikari.HikariDataSource       : HikariPool-8 - Shutdown completed.
2021-06-13 13:16:19.605  INFO 9512 --- [restartedMain] c.a.semilla.reserva.ReservaApplication   : Starting ReservaApplication using Java 15.0.2 on DESKTOP-H7PLNT1 with PID 9512 (D:\Jorge_Andres\ASW\PLAN_SEMILLA\Back\reserva\reserva\target\classes started by Georgie in D:\Jorge_Andres\ASW\PLAN_SEMILLA\Back\reserva\reserva)
2021-06-13 13:16:19.605  INFO 9512 --- [restartedMain] c.a.semilla.reserva.ReservaApplication   : No active profile set, falling back to default profiles: default
2021-06-13 13:16:19.719  INFO 9512 --- [restartedMain] .s.d.r.c.RepositoryConfigurationDelegate : Bootstrapping Spring Data JPA repositories in DEFAULT mode.
2021-06-13 13:16:19.738  INFO 9512 --- [restartedMain] .s.d.r.c.RepositoryConfigurationDelegate : Finished Spring Data repository scanning in 19 ms. Found 3 JPA repository interfaces.
2021-06-13 13:16:19.784  INFO 9512 --- [restartedMain] o.s.b.w.embedded.tomcat.TomcatWebServer  : Tomcat initialized with port(s): 9007 (http)
2021-06-13 13:16:19.785  INFO 9512 --- [restartedMain] o.apache.catalina.core.StandardService   : Starting service [Tomcat]
2021-06-13 13:16:19.785  INFO 9512 --- [restartedMain] org.apache.catalina.core.StandardEngine  : Starting Servlet engine: [Apache Tomcat/9.0.46]
2021-06-13 13:16:19.798  INFO 9512 --- [restartedMain] o.a.c.c.C.[Tomcat].[localhost].[/]       : Initializing Spring embedded WebApplicationContext
2021-06-13 13:16:19.798  INFO 9512 --- [restartedMain] w.s.c.ServletWebServerApplicationContext : Root WebApplicationContext: initialization completed in 191 ms
2021-06-13 13:16:19.814  INFO 9512 --- [restartedMain] com.zaxxer.hikari.HikariDataSource       : HikariPool-9 - Starting...
2021-06-13 13:16:19.816  INFO 9512 --- [restartedMain] com.zaxxer.hikari.HikariDataSource       : HikariPool-9 - Start completed.
2021-06-13 13:16:19.824  INFO 9512 --- [restartedMain] o.hibernate.jpa.internal.util.LogHelper  : HHH000204: Processing PersistenceUnitInfo [name: default]
2021-06-13 13:16:19.827  INFO 9512 --- [restartedMain] org.hibernate.dialect.Dialect            : HHH000400: Using dialect: org.hibernate.dialect.MySQL55Dialect
2021-06-13 13:16:19.847  INFO 9512 --- [restartedMain] o.h.e.t.j.p.i.JtaPlatformInitiator       : HHH000490: Using JtaPlatform implementation: [org.hibernate.engine.transaction.jta.platform.internal.NoJtaPlatform]
2021-06-13 13:16:19.847  INFO 9512 --- [restartedMain] j.LocalContainerEntityManagerFactoryBean : Initialized JPA EntityManagerFactory for persistence unit 'default'
2021-06-13 13:16:19.911  WARN 9512 --- [restartedMain] JpaBaseConfiguration$JpaWebConfiguration : spring.jpa.open-in-view is enabled by default. Therefore, database queries may be performed during view rendering. Explicitly configure spring.jpa.open-in-view to disable this warning
2021-06-13 13:16:19.954  INFO 9512 --- [restartedMain] o.s.b.d.a.OptionalLiveReloadServer       : LiveReload server is running on port 35729
2021-06-13 13:16:19.960  INFO 9512 --- [restartedMain] o.s.b.w.embedded.tomcat.TomcatWebServer  : Tomcat started on port(s): 9007 (http) with context path ''
2021-06-13 13:16:19.962  INFO 9512 --- [restartedMain] c.a.semilla.reserva.ReservaApplication   : Started ReservaApplication in 0.382 seconds (JVM running for 632.455)
2021-06-13 13:16:19.962  INFO 9512 --- [restartedMain] o.s.b.a.ApplicationAvailabilityBean      : Application availability state LivenessState changed to CORRECT
2021-06-13 13:16:19.965  INFO 9512 --- [restartedMain] .ConditionEvaluationDeltaLoggingListener : Condition evaluation unchanged
2021-06-13 13:16:19.965  INFO 9512 --- [restartedMain] o.s.b.a.ApplicationAvailabilityBean      : Application availability state ReadinessState changed to ACCEPTING_TRAFFIC
2021-06-13 13:16:59.557  INFO 9512 --- [Thread-44] o.s.b.a.ApplicationAvailabilityBean      : Application availability state ReadinessState changed from ACCEPTING_TRAFFIC to REFUSING_TRAFFIC
2021-06-13 13:16:59.595  INFO 9512 --- [Thread-44] j.LocalContainerEntityManagerFactoryBean : Closing JPA EntityManagerFactory for persistence unit 'default'
2021-06-13 13:16:59.596  INFO 9512 --- [Thread-44] com.zaxxer.hikari.HikariDataSource       : HikariPool-9 - Shutdown initiated...
2021-06-13 13:16:59.598  INFO 9512 --- [Thread-44] com.zaxxer.hikari.HikariDataSource       : HikariPool-9 - Shutdown completed.
2021-06-13 13:16:59.658  INFO 9512 --- [restartedMain] c.a.semilla.reserva.ReservaApplication   : Starting ReservaApplication using Java 15.0.2 on DESKTOP-H7PLNT1 with PID 9512 (D:\Jorge_Andres\ASW\PLAN_SEMILLA\Back\reserva\reserva\target\classes started by Georgie in D:\Jorge_Andres\ASW\PLAN_SEMILLA\Back\reserva\reserva)
2021-06-13 13:16:59.658  INFO 9512 --- [restartedMain] c.a.semilla.reserva.ReservaApplication   : No active profile set, falling back to default profiles: default
2021-06-13 13:16:59.768  INFO 9512 --- [restartedMain] .s.d.r.c.RepositoryConfigurationDelegate : Bootstrapping Spring Data JPA repositories in DEFAULT mode.
2021-06-13 13:16:59.787  INFO 9512 --- [restartedMain] .s.d.r.c.RepositoryConfigurationDelegate : Finished Spring Data repository scanning in 19 ms. Found 3 JPA repository interfaces.
2021-06-13 13:16:59.832  INFO 9512 --- [restartedMain] o.s.b.w.embedded.tomcat.TomcatWebServer  : Tomcat initialized with port(s): 9007 (http)
2021-06-13 13:16:59.832  INFO 9512 --- [restartedMain] o.apache.catalina.core.StandardService   : Starting service [Tomcat]
2021-06-13 13:16:59.832  INFO 9512 --- [restartedMain] org.apache.catalina.core.StandardEngine  : Starting Servlet engine: [Apache Tomcat/9.0.46]
2021-06-13 13:16:59.844  INFO 9512 --- [restartedMain] o.a.c.c.C.[Tomcat].[localhost].[/]       : Initializing Spring embedded WebApplicationContext
2021-06-13 13:16:59.844  INFO 9512 --- [restartedMain] w.s.c.ServletWebServerApplicationContext : Root WebApplicationContext: initialization completed in 185 ms
2021-06-13 13:16:59.859  INFO 9512 --- [restartedMain] com.zaxxer.hikari.HikariDataSource       : HikariPool-10 - Starting...
2021-06-13 13:16:59.862  INFO 9512 --- [restartedMain] com.zaxxer.hikari.HikariDataSource       : HikariPool-10 - Start completed.
2021-06-13 13:16:59.869  INFO 9512 --- [restartedMain] o.hibernate.jpa.internal.util.LogHelper  : HHH000204: Processing PersistenceUnitInfo [name: default]
2021-06-13 13:16:59.873  INFO 9512 --- [restartedMain] org.hibernate.dialect.Dialect            : HHH000400: Using dialect: org.hibernate.dialect.MySQL55Dialect
2021-06-13 13:16:59.892  INFO 9512 --- [restartedMain] o.h.e.t.j.p.i.JtaPlatformInitiator       : HHH000490: Using JtaPlatform implementation: [org.hibernate.engine.transaction.jta.platform.internal.NoJtaPlatform]
2021-06-13 13:16:59.892  INFO 9512 --- [restartedMain] j.LocalContainerEntityManagerFactoryBean : Initialized JPA EntityManagerFactory for persistence unit 'default'
2021-06-13 13:16:59.954  WARN 9512 --- [restartedMain] JpaBaseConfiguration$JpaWebConfiguration : spring.jpa.open-in-view is enabled by default. Therefore, database queries may be performed during view rendering. Explicitly configure spring.jpa.open-in-view to disable this warning
2021-06-13 13:16:59.997  INFO 9512 --- [restartedMain] o.s.b.d.a.OptionalLiveReloadServer       : LiveReload server is running on port 35729
2021-06-13 13:17:00.003  INFO 9512 --- [restartedMain] o.s.b.w.embedded.tomcat.TomcatWebServer  : Tomcat started on port(s): 9007 (http) with context path ''
2021-06-13 13:17:00.006  INFO 9512 --- [restartedMain] c.a.semilla.reserva.ReservaApplication   : Started ReservaApplication in 0.374 seconds (JVM running for 672.499)
2021-06-13 13:17:00.007  INFO 9512 --- [restartedMain] o.s.b.a.ApplicationAvailabilityBean      : Application availability state LivenessState changed to CORRECT
2021-06-13 13:17:00.007  INFO 9512 --- [restartedMain] .ConditionEvaluationDeltaLoggingListener : Condition evaluation unchanged
2021-06-13 13:17:00.008  INFO 9512 --- [restartedMain] o.s.b.a.ApplicationAvailabilityBean      : Application availability state ReadinessState changed to ACCEPTING_TRAFFIC
2021-06-13 13:18:37.615  INFO 9512 --- [Thread-49] o.s.b.a.ApplicationAvailabilityBean      : Application availability state ReadinessState changed from ACCEPTING_TRAFFIC to REFUSING_TRAFFIC
2021-06-13 13:18:37.632  INFO 9512 --- [Thread-49] j.LocalContainerEntityManagerFactoryBean : Closing JPA EntityManagerFactory for persistence unit 'default'
2021-06-13 13:18:37.632  INFO 9512 --- [Thread-49] com.zaxxer.hikari.HikariDataSource       : HikariPool-10 - Shutdown initiated...
2021-06-13 13:18:37.636  INFO 9512 --- [Thread-49] com.zaxxer.hikari.HikariDataSource       : HikariPool-10 - Shutdown completed.
2021-06-13 13:18:37.697  INFO 9512 --- [restartedMain] c.a.semilla.reserva.ReservaApplication   : Starting ReservaApplication using Java 15.0.2 on DESKTOP-H7PLNT1 with PID 9512 (D:\Jorge_Andres\ASW\PLAN_SEMILLA\Back\reserva\reserva\target\classes started by Georgie in D:\Jorge_Andres\ASW\PLAN_SEMILLA\Back\reserva\reserva)
2021-06-13 13:18:37.697  INFO 9512 --- [restartedMain] c.a.semilla.reserva.ReservaApplication   : No active profile set, falling back to default profiles: default
2021-06-13 13:18:37.815  INFO 9512 --- [restartedMain] .s.d.r.c.RepositoryConfigurationDelegate : Bootstrapping Spring Data JPA repositories in DEFAULT mode.
2021-06-13 13:18:37.834  INFO 9512 --- [restartedMain] .s.d.r.c.RepositoryConfigurationDelegate : Finished Spring Data repository scanning in 19 ms. Found 3 JPA repository interfaces.
2021-06-13 13:18:37.881  INFO 9512 --- [restartedMain] o.s.b.w.embedded.tomcat.TomcatWebServer  : Tomcat initialized with port(s): 9007 (http)
2021-06-13 13:18:37.881  INFO 9512 --- [restartedMain] o.apache.catalina.core.StandardService   : Starting service [Tomcat]
2021-06-13 13:18:37.881  INFO 9512 --- [restartedMain] org.apache.catalina.core.StandardEngine  : Starting Servlet engine: [Apache Tomcat/9.0.46]
2021-06-13 13:18:37.892  INFO 9512 --- [restartedMain] o.a.c.c.C.[Tomcat].[localhost].[/]       : Initializing Spring embedded WebApplicationContext
2021-06-13 13:18:37.892  INFO 9512 --- [restartedMain] w.s.c.ServletWebServerApplicationContext : Root WebApplicationContext: initialization completed in 193 ms
2021-06-13 13:18:37.909  INFO 9512 --- [restartedMain] com.zaxxer.hikari.HikariDataSource       : HikariPool-11 - Starting...
2021-06-13 13:18:37.911  INFO 9512 --- [restartedMain] com.zaxxer.hikari.HikariDataSource       : HikariPool-11 - Start completed.
2021-06-13 13:18:37.919  INFO 9512 --- [restartedMain] o.hibernate.jpa.internal.util.LogHelper  : HHH000204: Processing PersistenceUnitInfo [name: default]
2021-06-13 13:18:37.922  INFO 9512 --- [restartedMain] org.hibernate.dialect.Dialect            : HHH000400: Using dialect: org.hibernate.dialect.MySQL55Dialect
2021-06-13 13:18:37.939  INFO 9512 --- [restartedMain] o.h.e.t.j.p.i.JtaPlatformInitiator       : HHH000490: Using JtaPlatform implementation: [org.hibernate.engine.transaction.jta.platform.internal.NoJtaPlatform]
2021-06-13 13:18:37.939  INFO 9512 --- [restartedMain] j.LocalContainerEntityManagerFactoryBean : Initialized JPA EntityManagerFactory for persistence unit 'default'
2021-06-13 13:18:38.004  WARN 9512 --- [restartedMain] JpaBaseConfiguration$JpaWebConfiguration : spring.jpa.open-in-view is enabled by default. Therefore, database queries may be performed during view rendering. Explicitly configure spring.jpa.open-in-view to disable this warning
2021-06-13 13:18:38.052  INFO 9512 --- [restartedMain] o.s.b.d.a.OptionalLiveReloadServer       : LiveReload server is running on port 35729
2021-06-13 13:18:38.058  INFO 9512 --- [restartedMain] o.s.b.w.embedded.tomcat.TomcatWebServer  : Tomcat started on port(s): 9007 (http) with context path ''
2021-06-13 13:18:38.061  INFO 9512 --- [restartedMain] c.a.semilla.reserva.ReservaApplication   : Started ReservaApplication in 0.391 seconds (JVM running for 770.554)
2021-06-13 13:18:38.061  INFO 9512 --- [restartedMain] o.s.b.a.ApplicationAvailabilityBean      : Application availability state LivenessState changed to CORRECT
2021-06-13 13:18:38.062  INFO 9512 --- [restartedMain] .ConditionEvaluationDeltaLoggingListener : Condition evaluation unchanged
2021-06-13 13:18:38.062  INFO 9512 --- [restartedMain] o.s.b.a.ApplicationAvailabilityBean      : Application availability state ReadinessState changed to ACCEPTING_TRAFFIC
2021-06-13 13:18:39.513  INFO 9512 --- [Thread-54] o.s.b.a.ApplicationAvailabilityBean      : Application availability state ReadinessState changed from ACCEPTING_TRAFFIC to REFUSING_TRAFFIC
2021-06-13 13:18:39.563  INFO 9512 --- [Thread-54] j.LocalContainerEntityManagerFactoryBean : Closing JPA EntityManagerFactory for persistence unit 'default'
2021-06-13 13:18:39.564  INFO 9512 --- [Thread-54] com.zaxxer.hikari.HikariDataSource       : HikariPool-11 - Shutdown initiated...
2021-06-13 13:18:39.573  INFO 9512 --- [Thread-54] com.zaxxer.hikari.HikariDataSource       : HikariPool-11 - Shutdown completed.
2021-06-13 13:18:39.644  INFO 9512 --- [restartedMain] c.a.semilla.reserva.ReservaApplication   : Starting ReservaApplication using Java 15.0.2 on DESKTOP-H7PLNT1 with PID 9512 (D:\Jorge_Andres\ASW\PLAN_SEMILLA\Back\reserva\reserva\target\classes started by Georgie in D:\Jorge_Andres\ASW\PLAN_SEMILLA\Back\reserva\reserva)
2021-06-13 13:18:39.644  INFO 9512 --- [restartedMain] c.a.semilla.reserva.ReservaApplication   : No active profile set, falling back to default profiles: default
2021-06-13 13:18:39.765  INFO 9512 --- [restartedMain] .s.d.r.c.RepositoryConfigurationDelegate : Bootstrapping Spring Data JPA repositories in DEFAULT mode.
2021-06-13 13:18:39.785  INFO 9512 --- [restartedMain] .s.d.r.c.RepositoryConfigurationDelegate : Finished Spring Data repository scanning in 20 ms. Found 3 JPA repository interfaces.
2021-06-13 13:18:39.833  INFO 9512 --- [restartedMain] o.s.b.w.embedded.tomcat.TomcatWebServer  : Tomcat initialized with port(s): 9007 (http)
2021-06-13 13:18:39.833  INFO 9512 --- [restartedMain] o.apache.catalina.core.StandardService   : Starting service [Tomcat]
2021-06-13 13:18:39.833  INFO 9512 --- [restartedMain] org.apache.catalina.core.StandardEngine  : Starting Servlet engine: [Apache Tomcat/9.0.46]
2021-06-13 13:18:39.844  INFO 9512 --- [restartedMain] o.a.c.c.C.[Tomcat].[localhost].[/]       : Initializing Spring embedded WebApplicationContext
2021-06-13 13:18:39.844  INFO 9512 --- [restartedMain] w.s.c.ServletWebServerApplicationContext : Root WebApplicationContext: initialization completed in 199 ms
2021-06-13 13:18:39.863  INFO 9512 --- [restartedMain] com.zaxxer.hikari.HikariDataSource       : HikariPool-12 - Starting...
2021-06-13 13:18:39.864  INFO 9512 --- [restartedMain] com.zaxxer.hikari.HikariDataSource       : HikariPool-12 - Start completed.
2021-06-13 13:18:39.872  INFO 9512 --- [restartedMain] o.hibernate.jpa.internal.util.LogHelper  : HHH000204: Processing PersistenceUnitInfo [name: default]
2021-06-13 13:18:39.875  INFO 9512 --- [restartedMain] org.hibernate.dialect.Dialect            : HHH000400: Using dialect: org.hibernate.dialect.MySQL55Dialect
2021-06-13 13:18:39.893  INFO 9512 --- [restartedMain] o.h.e.t.j.p.i.JtaPlatformInitiator       : HHH000490: Using JtaPlatform implementation: [org.hibernate.engine.transaction.jta.platform.internal.NoJtaPlatform]
2021-06-13 13:18:39.893  INFO 9512 --- [restartedMain] j.LocalContainerEntityManagerFactoryBean : Initialized JPA EntityManagerFactory for persistence unit 'default'
2021-06-13 13:18:39.957  WARN 9512 --- [restartedMain] JpaBaseConfiguration$JpaWebConfiguration : spring.jpa.open-in-view is enabled by default. Therefore, database queries may be performed during view rendering. Explicitly configure spring.jpa.open-in-view to disable this warning
2021-06-13 13:18:40.005  INFO 9512 --- [restartedMain] o.s.b.d.a.OptionalLiveReloadServer       : LiveReload server is running on port 35729
2021-06-13 13:18:40.011  INFO 9512 --- [restartedMain] o.s.b.w.embedded.tomcat.TomcatWebServer  : Tomcat started on port(s): 9007 (http) with context path ''
2021-06-13 13:18:40.014  INFO 9512 --- [restartedMain] c.a.semilla.reserva.ReservaApplication   : Started ReservaApplication in 0.392 seconds (JVM running for 772.506)
2021-06-13 13:18:40.014  INFO 9512 --- [restartedMain] o.s.b.a.ApplicationAvailabilityBean      : Application availability state LivenessState changed to CORRECT
2021-06-13 13:18:40.014  INFO 9512 --- [restartedMain] .ConditionEvaluationDeltaLoggingListener : Condition evaluation unchanged
2021-06-13 13:18:40.014  INFO 9512 --- [restartedMain] o.s.b.a.ApplicationAvailabilityBean      : Application availability state ReadinessState changed to ACCEPTING_TRAFFIC
2021-06-13 13:18:48.161  INFO 9512 --- [RMI TCP Connection(52)-127.0.0.1] inMXBeanRegistrar$SpringApplicationAdmin : Application shutdown requested.
2021-06-13 13:18:48.161  INFO 9512 --- [RMI TCP Connection(52)-127.0.0.1] o.s.b.a.ApplicationAvailabilityBean      : Application availability state ReadinessState changed from ACCEPTING_TRAFFIC to REFUSING_TRAFFIC
2021-06-13 13:22:57.400  INFO 11704 --- [main] c.a.s.reserva.ReservaApplicationTests    : Starting ReservaApplicationTests using Java 15.0.2 on DESKTOP-H7PLNT1 with PID 11704 (started by Georgie in D:\Jorge_Andres\ASW\PLAN_SEMILLA\Back\reserva\reserva)
2021-06-13 13:22:57.402  INFO 11704 --- [main] c.a.s.reserva.ReservaApplicationTests    : No active profile set, falling back to default profiles: default
2021-06-13 13:22:57.950  INFO 11704 --- [main] .s.d.r.c.RepositoryConfigurationDelegate : Bootstrapping Spring Data JPA repositories in DEFAULT mode.
2021-06-13 13:22:58.012  INFO 11704 --- [main] .s.d.r.c.RepositoryConfigurationDelegate : Finished Spring Data repository scanning in 55 ms. Found 3 JPA repository interfaces.
2021-06-13 13:22:58.415  INFO 11704 --- [main] com.zaxxer.hikari.HikariDataSource       : HikariPool-1 - Starting...
2021-06-13 13:22:58.569  INFO 11704 --- [main] com.zaxxer.hikari.HikariDataSource       : HikariPool-1 - Start completed.
2021-06-13 13:22:58.628  INFO 11704 --- [main] o.hibernate.jpa.internal.util.LogHelper  : HHH000204: Processing PersistenceUnitInfo [name: default]
2021-06-13 13:22:58.675  INFO 11704 --- [main] org.hibernate.Version                    : HHH000412: Hibernate ORM core version 5.4.31.Final
2021-06-13 13:22:58.810  INFO 11704 --- [main] o.hibernate.annotations.common.Version   : HCANN000001: Hibernate Commons Annotations {5.1.2.Final}
2021-06-13 13:22:58.970  INFO 11704 --- [main] org.hibernate.dialect.Dialect            : HHH000400: Using dialect: org.hibernate.dialect.MySQL55Dialect
2021-06-13 13:22:59.460  INFO 11704 --- [main] o.h.e.t.j.p.i.JtaPlatformInitiator       : HHH000490: Using JtaPlatform implementation: [org.hibernate.engine.transaction.jta.platform.internal.NoJtaPlatform]
2021-06-13 13:22:59.468  INFO 11704 --- [main] j.LocalContainerEntityManagerFactoryBean : Initialized JPA EntityManagerFactory for persistence unit 'default'
2021-06-13 13:23:00.046  WARN 11704 --- [main] JpaBaseConfiguration$JpaWebConfiguration : spring.jpa.open-in-view is enabled by default. Therefore, database queries may be performed during view rendering. Explicitly configure spring.jpa.open-in-view to disable this warning
2021-06-13 13:23:00.476  INFO 11704 --- [main] c.a.s.reserva.ReservaApplicationTests    : Started ReservaApplicationTests in 3.329 seconds (JVM running for 4.118)
2021-06-13 13:23:00.478  INFO 11704 --- [main] o.s.b.a.ApplicationAvailabilityBean      : Application availability state LivenessState changed to CORRECT
2021-06-13 13:23:00.479  INFO 11704 --- [main] o.s.b.a.ApplicationAvailabilityBean      : Application availability state ReadinessState changed to ACCEPTING_TRAFFIC
